<?xml version="1.0" encoding="UTF-8"?>
<!-- Generated by org.testng.reporters.JUnitReportReporter -->
<testsuite skipped="0" hostname="user-PC" name="modules.TasksModules" tests="1" failures="0" timestamp="22 Jun 2021 15:10:43 GMT" time="18.335" errors="0">
  <testcase name="addNewTask" time="18.335" classname="modules.TasksModules"/>
</testsuite> <!-- modules.TasksModules -->
